2025-05-27 00:36:28,995 - services.flashcard_service - INFO - Initializing flashcard service logging...
2025-05-27 00:36:28,995 - services.flashcard_service - INFO - Flashcard service logs will be saved to logs/flashcard.log
2025-05-27 00:38:54,051 - services.flashcard_service - INFO - Initializing flashcard service logging...
2025-05-27 00:38:54,052 - services.flashcard_service - INFO - Flashcard service logs will be saved to logs/flashcard.log
2025-05-27 00:39:21,279 - services.flashcard_service - INFO - Starting flashcard generation for 10 cards
2025-05-27 00:39:21,279 - services.flashcard_service - INFO - Processing and structuring text content...
2025-05-27 00:39:21,295 - services.flashcard_service - INFO - Text content structured successfully
2025-05-27 00:39:21,295 - services.flashcard_service - INFO - Generating cards for main concepts...
2025-05-27 00:39:23,574 - services.flashcard_service - INFO - Generated 2 valid concept cards
2025-05-27 00:39:23,574 - services.flashcard_service - INFO - Generating cards for definitions...
2025-05-27 00:39:27,597 - services.flashcard_service - INFO - Generated 2 valid definition cards
2025-05-27 00:39:27,597 - services.flashcard_service - INFO - Generating cards for examples...
2025-05-27 00:39:32,130 - services.flashcard_service - INFO - Generated 2 valid example cards
2025-05-27 00:39:32,130 - services.flashcard_service - INFO - Generating cards for processes...
2025-05-27 00:39:34,419 - services.flashcard_service - INFO - Generated 2 valid process cards
2025-05-27 00:39:34,419 - services.flashcard_service - INFO - Successfully generated 8 valid flashcards
2025-05-27 00:41:40,361 - services.flashcard_service - INFO - Starting flashcard generation for 10 cards
2025-05-27 00:41:40,362 - services.flashcard_service - INFO - Processing and structuring text content...
2025-05-27 00:41:40,368 - services.flashcard_service - INFO - Text content structured successfully
2025-05-27 00:41:40,368 - services.flashcard_service - INFO - Generating cards for main concepts...
2025-05-27 00:41:43,079 - services.flashcard_service - INFO - Generated 2 valid concept cards
2025-05-27 00:41:43,079 - services.flashcard_service - INFO - Generating cards for definitions...
2025-05-27 00:41:47,917 - services.flashcard_service - INFO - Generated 2 valid definition cards
2025-05-27 00:41:47,917 - services.flashcard_service - INFO - Generating cards for examples...
2025-05-27 00:41:51,659 - services.flashcard_service - INFO - Generated 2 valid example cards
2025-05-27 00:41:51,659 - services.flashcard_service - INFO - Generating cards for processes...
2025-05-27 00:41:55,000 - services.flashcard_service - INFO - Generated 2 valid process cards
2025-05-27 00:41:55,000 - services.flashcard_service - INFO - Successfully generated 8 valid flashcards
2025-05-27 00:42:10,341 - services.flashcard_service - INFO - Starting flashcard generation for 10 cards
2025-05-27 00:42:10,342 - services.flashcard_service - INFO - Processing and structuring text content...
2025-05-27 00:42:10,348 - services.flashcard_service - INFO - Text content structured successfully
2025-05-27 00:42:10,348 - services.flashcard_service - INFO - Generating cards for main concepts...
2025-05-27 00:42:12,474 - services.flashcard_service - INFO - Generated 2 valid concept cards
2025-05-27 00:42:12,474 - services.flashcard_service - INFO - Generating cards for definitions...
2025-05-27 00:42:15,863 - services.flashcard_service - INFO - Generated 2 valid definition cards
2025-05-27 00:42:15,863 - services.flashcard_service - INFO - Generating cards for examples...
2025-05-27 00:42:21,653 - services.flashcard_service - INFO - Generated 2 valid example cards
2025-05-27 00:42:21,653 - services.flashcard_service - INFO - Generating cards for processes...
2025-05-27 00:42:24,739 - services.flashcard_service - INFO - Generated 2 valid process cards
2025-05-27 00:42:24,741 - services.flashcard_service - INFO - Successfully generated 8 valid flashcards
